************************************************************
**                      ============                      **
**                       EasierAxis                       **
**                      ============                      **
**                                                        **
** Authors: LETIZIA FIORUCCI, ENRICO RAVERA               **
** email: fiorucci@cerm.unifi.it, ravera@cerm.unifi.it    **
** CERM and Department of Chemistry “Ugo Schiff”,         **
** University of Florence (Italy)                         **
************************************************************


Configuration: f9
(L=5, S=2.5, J=7.5)

Input filename: Dybbpn.inp
label	charge	r_disp		x		y		z
Cl	-1.0000	0.0000000	-0.2191720	-2.7029100	-0.0402690
O	-1.0000	0.0000000	2.0379790	-0.0386090	-0.6876060
O	-1.0000	0.0000000	-1.8621700	0.3767780	0.9357240

--------------------------------------------------------------------------------

Multipole moments:
M	A2		A4		A6
7.5	-0.333333	-0.121212	0.058275
6.5	-0.200000	0.040404	-0.104895
5.5	-0.085714	0.098124	-0.034965
4.5	0.009524	0.089244	0.052896
3.5	0.085714	0.044844	0.077999
2.5	0.142857	-0.010212	0.040344
1.5	0.180952	-0.057276	-0.022413
0.5	0.200000	-0.083916	-0.067240

V tensor:
0.259771	-0.042416	-0.213771
-0.042416	-0.096390	0.028780
-0.213771	0.028780	-0.163380

Eigenvalues * A2 (M=7.5): [ 0.08441974  0.03376726 -0.118187  ]
Eigenvalues * A2 (M=0.5): [-0.05065184 -0.02026035  0.0709122 ]

Ordered Eigenvalues * A2: [ 0.08441974  0.03376726 -0.118187  ]
Ordered Eigenvectors: (molecular frame)
x		y		z
0.379055	-0.127899	-0.916493
-0.066834	-0.991600	0.110738
0.922958	-0.019277	0.384419

--------------------------------------------------------------------------------

Quadrupolar approximation: OBLATE
Lower M: 7.5
Rotated coordinates:
label	x		y		z
Cl	0.0604024	2.7090132	-0.1139267
O	0.1404551	-0.2091162	-2.1363974
O	0.1325872	-0.1534810	2.1080992

************************************************************
